<?xml version="1.0" encoding="UTF-8"?>
<coverage generated="1666365340238" clover="3.2.0">
  <project timestamp="1666365340238" name="All files">
    <metrics statements="6" coveredstatements="6" conditionals="30" coveredconditionals="30" methods="4" coveredmethods="4" elements="40" coveredelements="40" complexity="0" loc="6" ncloc="6" packages="4" files="4" classes="4"/>
    <package name="src">
      <metrics statements="0" coveredstatements="0" conditionals="0" coveredconditionals="0" methods="0" coveredmethods="0"/>
      <file name="index.js" path="/Users/darcher/dev/apps/focus-follow/src/index.js">
        <metrics statements="0" coveredstatements="0" conditionals="0" coveredconditionals="0" methods="0" coveredmethods="0"/>
      </file>
    </package>
    <package name="src.module.button">
      <metrics statements="2" coveredstatements="2" conditionals="10" coveredconditionals="10" methods="1" coveredmethods="1"/>
      <file name="index.js" path="/Users/darcher/dev/apps/focus-follow/src/module/button/index.js">
        <metrics statements="2" coveredstatements="2" conditionals="10" coveredconditionals="10" methods="1" coveredmethods="1"/>
        <line num="4" count="1" type="stmt"/>
        <line num="13" count="4" type="cond" truecount="4" falsecount="0"/>
      </file>
    </package>
    <package name="src.module.icon">
      <metrics statements="2" coveredstatements="2" conditionals="9" coveredconditionals="9" methods="1" coveredmethods="1"/>
      <file name="index.js" path="/Users/darcher/dev/apps/focus-follow/src/module/icon/index.js">
        <metrics statements="2" coveredstatements="2" conditionals="9" coveredconditionals="9" methods="1" coveredmethods="1"/>
        <line num="3" count="2" type="stmt"/>
        <line num="11" count="6" type="cond" truecount="4" falsecount="0"/>
      </file>
    </package>
    <package name="src.script.helper">
      <metrics statements="2" coveredstatements="2" conditionals="11" coveredconditionals="11" methods="2" coveredmethods="2"/>
      <file name="index.js" path="/Users/darcher/dev/apps/focus-follow/src/script/helper/index.js">
        <metrics statements="2" coveredstatements="2" conditionals="11" coveredconditionals="11" methods="2" coveredmethods="2"/>
        <line num="8" count="11" type="cond" truecount="4" falsecount="0"/>
        <line num="10" count="4" type="stmt"/>
      </file>
    </package>
  </project>
</coverage>
