{
  "/Users/darcher/dev/apps/focus-follow/src/index.js": {
    "path": "/Users/darcher/dev/apps/focus-follow/src/index.js",
    "statementMap": {
      "0": {
        "start": { "line": 7, "column": 0 },
        "end": { "line": 7, "column": 16 }
      },
      "1": {
        "start": { "line": 9, "column": 0 },
        "end": { "line": 9, "column": 70 }
      }
    },
    "fnMap": {},
    "branchMap": {},
    "s": { "0": 1, "1": 1 },
    "f": {},
    "b": {},
    "_coverageSchema": "1a1c01bbd47fc00a2c39e90264f33305004495a9",
    "hash": "066695048ca061aae61755375d10ad882bb1a4fb"
  },
  "/Users/darcher/dev/apps/focus-follow/src/components/form-button/index.js": {
    "path": "/Users/darcher/dev/apps/focus-follow/src/components/form-button/index.js",
    "statementMap": {
      "0": {
        "start": { "line": 14, "column": 4 },
        "end": { "line": 33, "column": 6 }
      }
    },
    "fnMap": {
      "0": {
        "name": "(anonymous_0)",
        "decl": {
          "start": { "line": 5, "column": 2 },
          "end": { "line": 5, "column": 3 }
        },
        "loc": {
          "start": { "line": 13, "column": 10 },
          "end": { "line": 34, "column": 3 }
        },
        "line": 13
      }
    },
    "branchMap": {
      "0": {
        "loc": {
          "start": { "line": 5, "column": 16 },
          "end": { "line": 13, "column": 8 }
        },
        "type": "default-arg",
        "locations": [
          {
            "start": { "line": 13, "column": 6 },
            "end": { "line": 13, "column": 8 }
          }
        ],
        "line": 5
      },
      "1": {
        "loc": {
          "start": { "line": 6, "column": 4 },
          "end": { "line": 6, "column": 18 }
        },
        "type": "default-arg",
        "locations": [
          {
            "start": { "line": 6, "column": 16 },
            "end": { "line": 6, "column": 18 }
          }
        ],
        "line": 6
      },
      "2": {
        "loc": {
          "start": { "line": 7, "column": 4 },
          "end": { "line": 7, "column": 18 }
        },
        "type": "default-arg",
        "locations": [
          {
            "start": { "line": 7, "column": 16 },
            "end": { "line": 7, "column": 18 }
          }
        ],
        "line": 7
      },
      "3": {
        "loc": {
          "start": { "line": 8, "column": 4 },
          "end": { "line": 8, "column": 29 }
        },
        "type": "default-arg",
        "locations": [
          {
            "start": { "line": 8, "column": 16 },
            "end": { "line": 8, "column": 29 }
          }
        ],
        "line": 8
      },
      "4": {
        "loc": {
          "start": { "line": 9, "column": 4 },
          "end": { "line": 9, "column": 20 }
        },
        "type": "default-arg",
        "locations": [
          {
            "start": { "line": 9, "column": 16 },
            "end": { "line": 9, "column": 20 }
          }
        ],
        "line": 9
      },
      "5": {
        "loc": {
          "start": { "line": 10, "column": 4 },
          "end": { "line": 10, "column": 19 }
        },
        "type": "default-arg",
        "locations": [
          {
            "start": { "line": 10, "column": 11 },
            "end": { "line": 10, "column": 19 }
          }
        ],
        "line": 10
      },
      "6": {
        "loc": {
          "start": { "line": 11, "column": 4 },
          "end": { "line": 11, "column": 19 }
        },
        "type": "default-arg",
        "locations": [
          {
            "start": { "line": 11, "column": 11 },
            "end": { "line": 11, "column": 19 }
          }
        ],
        "line": 11
      }
    },
    "s": { "0": 4 },
    "f": { "0": 4 },
    "b": {
      "0": [2],
      "1": [4],
      "2": [4],
      "3": [4],
      "4": [2],
      "5": [4],
      "6": [4]
    },
    "_coverageSchema": "1a1c01bbd47fc00a2c39e90264f33305004495a9",
    "hash": "9239630a30964451775b195608f875d3c4f277f1"
  },
  "/Users/darcher/dev/apps/focus-follow/src/components/form-choice/index.js": {
    "path": "/Users/darcher/dev/apps/focus-follow/src/components/form-choice/index.js",
    "statementMap": {
      "0": {
        "start": { "line": 9, "column": 4 },
        "end": { "line": 15, "column": 5 }
      },
      "1": {
        "start": { "line": 13, "column": 6 },
        "end": { "line": 13, "column": 58 }
      },
      "2": {
        "start": { "line": 14, "column": 6 },
        "end": { "line": 14, "column": 77 }
      },
      "3": {
        "start": { "line": 17, "column": 4 },
        "end": { "line": 17, "column": 78 }
      },
      "4": {
        "start": { "line": 17, "column": 17 },
        "end": { "line": 17, "column": 77 }
      },
      "5": {
        "start": { "line": 30, "column": 4 },
        "end": { "line": 30, "column": 66 }
      },
      "6": {
        "start": { "line": 32, "column": 4 },
        "end": { "line": 75, "column": 11 }
      }
    },
    "fnMap": {
      "0": {
        "name": "(anonymous_0)",
        "decl": {
          "start": { "line": 8, "column": 2 },
          "end": { "line": 8, "column": 3 }
        },
        "loc": {
          "start": { "line": 8, "column": 35 },
          "end": { "line": 18, "column": 3 }
        },
        "line": 8
      },
      "1": {
        "name": "(anonymous_1)",
        "decl": {
          "start": { "line": 17, "column": 11 },
          "end": { "line": 17, "column": 12 }
        },
        "loc": {
          "start": { "line": 17, "column": 17 },
          "end": { "line": 17, "column": 77 }
        },
        "line": 17
      },
      "2": {
        "name": "(anonymous_2)",
        "decl": {
          "start": { "line": 20, "column": 2 },
          "end": { "line": 20, "column": 3 }
        },
        "loc": {
          "start": { "line": 29, "column": 10 },
          "end": { "line": 76, "column": 3 }
        },
        "line": 29
      }
    },
    "branchMap": {
      "0": {
        "loc": {
          "start": { "line": 9, "column": 4 },
          "end": { "line": 15, "column": 5 }
        },
        "type": "if",
        "locations": [
          {
            "start": { "line": 9, "column": 4 },
            "end": { "line": 15, "column": 5 }
          },
          { "start": {}, "end": {} }
        ],
        "line": 9
      },
      "1": {
        "loc": {
          "start": { "line": 10, "column": 6 },
          "end": { "line": 11, "column": 49 }
        },
        "type": "binary-expr",
        "locations": [
          {
            "start": { "line": 10, "column": 6 },
            "end": { "line": 10, "column": 30 }
          },
          {
            "start": { "line": 11, "column": 6 },
            "end": { "line": 11, "column": 49 }
          }
        ],
        "line": 10
      },
      "2": {
        "loc": {
          "start": { "line": 20, "column": 16 },
          "end": { "line": 29, "column": 8 }
        },
        "type": "default-arg",
        "locations": [
          {
            "start": { "line": 29, "column": 6 },
            "end": { "line": 29, "column": 8 }
          }
        ],
        "line": 20
      },
      "3": {
        "loc": {
          "start": { "line": 21, "column": 4 },
          "end": { "line": 21, "column": 19 }
        },
        "type": "default-arg",
        "locations": [
          {
            "start": { "line": 21, "column": 14 },
            "end": { "line": 21, "column": 19 }
          }
        ],
        "line": 21
      },
      "4": {
        "loc": {
          "start": { "line": 22, "column": 4 },
          "end": { "line": 22, "column": 18 }
        },
        "type": "default-arg",
        "locations": [
          {
            "start": { "line": 22, "column": 16 },
            "end": { "line": 22, "column": 18 }
          }
        ],
        "line": 22
      },
      "5": {
        "loc": {
          "start": { "line": 23, "column": 4 },
          "end": { "line": 23, "column": 18 }
        },
        "type": "default-arg",
        "locations": [
          {
            "start": { "line": 23, "column": 16 },
            "end": { "line": 23, "column": 18 }
          }
        ],
        "line": 23
      },
      "6": {
        "loc": {
          "start": { "line": 24, "column": 4 },
          "end": { "line": 24, "column": 20 }
        },
        "type": "default-arg",
        "locations": [
          {
            "start": { "line": 24, "column": 15 },
            "end": { "line": 24, "column": 20 }
          }
        ],
        "line": 24
      },
      "7": {
        "loc": {
          "start": { "line": 25, "column": 4 },
          "end": { "line": 25, "column": 18 }
        },
        "type": "default-arg",
        "locations": [
          {
            "start": { "line": 25, "column": 11 },
            "end": { "line": 25, "column": 18 }
          }
        ],
        "line": 25
      },
      "8": {
        "loc": {
          "start": { "line": 32, "column": 11 },
          "end": { "line": 75, "column": 10 }
        },
        "type": "cond-expr",
        "locations": [
          {
            "start": { "line": 33, "column": 8 },
            "end": { "line": 61, "column": 7 }
          },
          {
            "start": { "line": 62, "column": 8 },
            "end": { "line": 75, "column": 10 }
          }
        ],
        "line": 32
      },
      "9": {
        "loc": {
          "start": { "line": 32, "column": 11 },
          "end": { "line": 32, "column": 62 }
        },
        "type": "binary-expr",
        "locations": [
          {
            "start": { "line": 32, "column": 11 },
            "end": { "line": 32, "column": 13 }
          },
          {
            "start": { "line": 32, "column": 17 },
            "end": { "line": 32, "column": 22 }
          },
          {
            "start": { "line": 32, "column": 26 },
            "end": { "line": 32, "column": 62 }
          }
        ],
        "line": 32
      },
      "10": {
        "loc": {
          "start": { "line": 44, "column": 17 },
          "end": { "line": 44, "column": 60 }
        },
        "type": "cond-expr",
        "locations": [
          {
            "start": { "line": 44, "column": 36 },
            "end": { "line": 44, "column": 55 }
          },
          {
            "start": { "line": 44, "column": 58 },
            "end": { "line": 44, "column": 60 }
          }
        ],
        "line": 44
      },
      "11": {
        "loc": {
          "start": { "line": 62, "column": 8 },
          "end": { "line": 75, "column": 10 }
        },
        "type": "cond-expr",
        "locations": [
          {
            "start": { "line": 63, "column": 8 },
            "end": { "line": 74, "column": 18 }
          },
          {
            "start": { "line": 75, "column": 8 },
            "end": { "line": 75, "column": 10 }
          }
        ],
        "line": 62
      },
      "12": {
        "loc": {
          "start": { "line": 62, "column": 8 },
          "end": { "line": 62, "column": 19 }
        },
        "type": "binary-expr",
        "locations": [
          {
            "start": { "line": 62, "column": 8 },
            "end": { "line": 62, "column": 13 }
          },
          {
            "start": { "line": 62, "column": 17 },
            "end": { "line": 62, "column": 19 }
          }
        ],
        "line": 62
      }
    },
    "s": { "0": 0, "1": 0, "2": 0, "3": 0, "4": 0, "5": 4, "6": 4 },
    "f": { "0": 0, "1": 0, "2": 4 },
    "b": {
      "0": [0, 0],
      "1": [0, 0],
      "2": [1],
      "3": [4],
      "4": [2],
      "5": [2],
      "6": [4],
      "7": [1],
      "8": [3, 1],
      "9": [4, 3, 3],
      "10": [0, 3],
      "11": [0, 1],
      "12": [1, 0]
    },
    "_coverageSchema": "1a1c01bbd47fc00a2c39e90264f33305004495a9",
    "hash": "95ddb5ba209845f34f5ad57d6cae681c96164d0c"
  },
  "/Users/darcher/dev/apps/focus-follow/src/components/form-group/index.js": {
    "path": "/Users/darcher/dev/apps/focus-follow/src/components/form-group/index.js",
    "statementMap": {
      "0": {
        "start": { "line": 16, "column": 18 },
        "end": { "line": 16, "column": 60 }
      },
      "1": {
        "start": { "line": 18, "column": 4 },
        "end": { "line": 38, "column": 6 }
      }
    },
    "fnMap": {
      "0": {
        "name": "(anonymous_0)",
        "decl": {
          "start": { "line": 5, "column": 2 },
          "end": { "line": 5, "column": 3 }
        },
        "loc": {
          "start": { "line": 15, "column": 10 },
          "end": { "line": 39, "column": 3 }
        },
        "line": 15
      }
    },
    "branchMap": {
      "0": {
        "loc": {
          "start": { "line": 5, "column": 16 },
          "end": { "line": 15, "column": 8 }
        },
        "type": "default-arg",
        "locations": [
          {
            "start": { "line": 15, "column": 6 },
            "end": { "line": 15, "column": 8 }
          }
        ],
        "line": 5
      },
      "1": {
        "loc": {
          "start": { "line": 6, "column": 4 },
          "end": { "line": 6, "column": 18 }
        },
        "type": "default-arg",
        "locations": [
          {
            "start": { "line": 6, "column": 16 },
            "end": { "line": 6, "column": 18 }
          }
        ],
        "line": 6
      },
      "2": {
        "loc": {
          "start": { "line": 7, "column": 4 },
          "end": { "line": 7, "column": 18 }
        },
        "type": "default-arg",
        "locations": [
          {
            "start": { "line": 7, "column": 16 },
            "end": { "line": 7, "column": 18 }
          }
        ],
        "line": 7
      },
      "3": {
        "loc": {
          "start": { "line": 10, "column": 4 },
          "end": { "line": 10, "column": 18 }
        },
        "type": "default-arg",
        "locations": [
          {
            "start": { "line": 10, "column": 11 },
            "end": { "line": 10, "column": 18 }
          }
        ],
        "line": 10
      },
      "4": {
        "loc": {
          "start": { "line": 12, "column": 4 },
          "end": { "line": 12, "column": 24 }
        },
        "type": "default-arg",
        "locations": [
          {
            "start": { "line": 12, "column": 14 },
            "end": { "line": 12, "column": 24 }
          }
        ],
        "line": 12
      },
      "5": {
        "loc": {
          "start": { "line": 13, "column": 4 },
          "end": { "line": 13, "column": 30 }
        },
        "type": "default-arg",
        "locations": [
          {
            "start": { "line": 13, "column": 16 },
            "end": { "line": 13, "column": 30 }
          }
        ],
        "line": 13
      },
      "6": {
        "loc": {
          "start": { "line": 16, "column": 18 },
          "end": { "line": 16, "column": 60 }
        },
        "type": "cond-expr",
        "locations": [
          {
            "start": { "line": 16, "column": 43 },
            "end": { "line": 16, "column": 51 }
          },
          {
            "start": { "line": 16, "column": 54 },
            "end": { "line": 16, "column": 60 }
          }
        ],
        "line": 16
      }
    },
    "s": { "0": 0, "1": 0 },
    "f": { "0": 0 },
    "b": {
      "0": [0],
      "1": [0],
      "2": [0],
      "3": [0],
      "4": [0],
      "5": [0],
      "6": [0, 0]
    }
  },
  "/Users/darcher/dev/apps/focus-follow/src/components/form-input/index.js": {
    "path": "/Users/darcher/dev/apps/focus-follow/src/components/form-input/index.js",
    "statementMap": {
      "0": {
        "start": { "line": 15, "column": 4 },
        "end": { "line": 36, "column": 6 }
      }
    },
    "fnMap": {
      "0": {
        "name": "(anonymous_0)",
        "decl": {
          "start": { "line": 5, "column": 2 },
          "end": { "line": 5, "column": 3 }
        },
        "loc": {
          "start": { "line": 14, "column": 10 },
          "end": { "line": 37, "column": 3 }
        },
        "line": 14
      }
    },
    "branchMap": {
      "0": {
        "loc": {
          "start": { "line": 5, "column": 16 },
          "end": { "line": 14, "column": 8 }
        },
        "type": "default-arg",
        "locations": [
          {
            "start": { "line": 14, "column": 6 },
            "end": { "line": 14, "column": 8 }
          }
        ],
        "line": 5
      },
      "1": {
        "loc": {
          "start": { "line": 6, "column": 4 },
          "end": { "line": 6, "column": 18 }
        },
        "type": "default-arg",
        "locations": [
          {
            "start": { "line": 6, "column": 16 },
            "end": { "line": 6, "column": 18 }
          }
        ],
        "line": 6
      },
      "2": {
        "loc": {
          "start": { "line": 7, "column": 4 },
          "end": { "line": 7, "column": 18 }
        },
        "type": "default-arg",
        "locations": [
          {
            "start": { "line": 7, "column": 16 },
            "end": { "line": 7, "column": 18 }
          }
        ],
        "line": 7
      },
      "3": {
        "loc": {
          "start": { "line": 8, "column": 4 },
          "end": { "line": 8, "column": 20 }
        },
        "type": "default-arg",
        "locations": [
          {
            "start": { "line": 8, "column": 15 },
            "end": { "line": 8, "column": 20 }
          }
        ],
        "line": 8
      },
      "4": {
        "loc": {
          "start": { "line": 11, "column": 4 },
          "end": { "line": 11, "column": 30 }
        },
        "type": "default-arg",
        "locations": [
          {
            "start": { "line": 11, "column": 16 },
            "end": { "line": 11, "column": 30 }
          }
        ],
        "line": 11
      },
      "5": {
        "loc": {
          "start": { "line": 12, "column": 4 },
          "end": { "line": 12, "column": 17 }
        },
        "type": "default-arg",
        "locations": [
          {
            "start": { "line": 12, "column": 11 },
            "end": { "line": 12, "column": 17 }
          }
        ],
        "line": 12
      }
    },
    "s": { "0": 0 },
    "f": { "0": 0 },
    "b": { "0": [0], "1": [0], "2": [0], "3": [0], "4": [0], "5": [0] }
  },
  "/Users/darcher/dev/apps/focus-follow/src/components/icon/index.js": {
    "path": "/Users/darcher/dev/apps/focus-follow/src/components/icon/index.js",
    "statementMap": {
      "0": {
        "start": { "line": 11, "column": 4 },
        "end": { "line": 29, "column": 11 }
      }
    },
    "fnMap": {
      "0": {
        "name": "(anonymous_0)",
        "decl": {
          "start": { "line": 4, "column": 2 },
          "end": { "line": 4, "column": 3 }
        },
        "loc": {
          "start": { "line": 10, "column": 10 },
          "end": { "line": 30, "column": 3 }
        },
        "line": 10
      }
    },
    "branchMap": {
      "0": {
        "loc": {
          "start": { "line": 4, "column": 16 },
          "end": { "line": 10, "column": 8 }
        },
        "type": "default-arg",
        "locations": [
          {
            "start": { "line": 10, "column": 6 },
            "end": { "line": 10, "column": 8 }
          }
        ],
        "line": 4
      },
      "1": {
        "loc": {
          "start": { "line": 5, "column": 4 },
          "end": { "line": 5, "column": 18 }
        },
        "type": "default-arg",
        "locations": [
          {
            "start": { "line": 5, "column": 16 },
            "end": { "line": 5, "column": 18 }
          }
        ],
        "line": 5
      },
      "2": {
        "loc": {
          "start": { "line": 6, "column": 4 },
          "end": { "line": 6, "column": 18 }
        },
        "type": "default-arg",
        "locations": [
          {
            "start": { "line": 6, "column": 16 },
            "end": { "line": 6, "column": 18 }
          }
        ],
        "line": 6
      },
      "3": {
        "loc": {
          "start": { "line": 7, "column": 4 },
          "end": { "line": 7, "column": 23 }
        },
        "type": "default-arg",
        "locations": [
          {
            "start": { "line": 7, "column": 16 },
            "end": { "line": 7, "column": 23 }
          }
        ],
        "line": 7
      },
      "4": {
        "loc": {
          "start": { "line": 8, "column": 4 },
          "end": { "line": 8, "column": 16 }
        },
        "type": "default-arg",
        "locations": [
          {
            "start": { "line": 8, "column": 11 },
            "end": { "line": 8, "column": 16 }
          }
        ],
        "line": 8
      },
      "5": {
        "loc": {
          "start": { "line": 11, "column": 11 },
          "end": { "line": 29, "column": 10 }
        },
        "type": "cond-expr",
        "locations": [
          {
            "start": { "line": 12, "column": 8 },
            "end": { "line": 28, "column": 5 }
          },
          {
            "start": { "line": 29, "column": 8 },
            "end": { "line": 29, "column": 10 }
          }
        ],
        "line": 11
      },
      "6": {
        "loc": {
          "start": { "line": 11, "column": 11 },
          "end": { "line": 11, "column": 52 }
        },
        "type": "binary-expr",
        "locations": [
          {
            "start": { "line": 11, "column": 11 },
            "end": { "line": 11, "column": 28 }
          },
          {
            "start": { "line": 11, "column": 32 },
            "end": { "line": 11, "column": 52 }
          }
        ],
        "line": 11
      },
      "7": {
        "loc": {
          "start": { "line": 25, "column": 10 },
          "end": { "line": 25, "column": 74 }
        },
        "type": "cond-expr",
        "locations": [
          {
            "start": { "line": 25, "column": 36 },
            "end": { "line": 25, "column": 62 }
          },
          {
            "start": { "line": 25, "column": 65 },
            "end": { "line": 25, "column": 74 }
          }
        ],
        "line": 25
      }
    },
    "s": { "0": 8 },
    "f": { "0": 8 },
    "b": {
      "0": [1],
      "1": [8],
      "2": [4],
      "3": [8],
      "4": [8],
      "5": [6, 2],
      "6": [8, 6],
      "7": [5, 1]
    },
    "_coverageSchema": "1a1c01bbd47fc00a2c39e90264f33305004495a9",
    "hash": "a537901c0dd66d8b3c4301e5fac709e880bce908"
  },
  "/Users/darcher/dev/apps/focus-follow/src/services/helper/index.js": {
    "path": "/Users/darcher/dev/apps/focus-follow/src/services/helper/index.js",
    "statementMap": {
      "0": {
        "start": { "line": 3, "column": 4 },
        "end": { "line": 3, "column": 34 }
      },
      "1": {
        "start": { "line": 12, "column": 4 },
        "end": { "line": 17, "column": 6 }
      },
      "2": {
        "start": { "line": 15, "column": 27 },
        "end": { "line": 15, "column": 53 }
      },
      "3": {
        "start": { "line": 21, "column": 4 },
        "end": { "line": 23, "column": 19 }
      },
      "4": {
        "start": { "line": 22, "column": 29 },
        "end": { "line": 22, "column": 48 }
      },
      "5": {
        "start": { "line": 27, "column": 4 },
        "end": { "line": 27, "column": 47 }
      }
    },
    "fnMap": {
      "0": {
        "name": "(anonymous_0)",
        "decl": {
          "start": { "line": 2, "column": 2 },
          "end": { "line": 2, "column": 3 }
        },
        "loc": {
          "start": { "line": 2, "column": 35 },
          "end": { "line": 4, "column": 3 }
        },
        "line": 2
      },
      "1": {
        "name": "(anonymous_1)",
        "decl": {
          "start": { "line": 6, "column": 2 },
          "end": { "line": 6, "column": 3 }
        },
        "loc": {
          "start": { "line": 11, "column": 10 },
          "end": { "line": 18, "column": 3 }
        },
        "line": 11
      },
      "2": {
        "name": "(anonymous_2)",
        "decl": {
          "start": { "line": 15, "column": 18 },
          "end": { "line": 15, "column": 19 }
        },
        "loc": {
          "start": { "line": 15, "column": 27 },
          "end": { "line": 15, "column": 53 }
        },
        "line": 15
      },
      "3": {
        "name": "(anonymous_3)",
        "decl": {
          "start": { "line": 20, "column": 2 },
          "end": { "line": 20, "column": 3 }
        },
        "loc": {
          "start": { "line": 20, "column": 24 },
          "end": { "line": 24, "column": 3 }
        },
        "line": 20
      },
      "4": {
        "name": "(anonymous_4)",
        "decl": {
          "start": { "line": 22, "column": 11 },
          "end": { "line": 22, "column": 12 }
        },
        "loc": {
          "start": { "line": 22, "column": 29 },
          "end": { "line": 22, "column": 48 }
        },
        "line": 22
      },
      "5": {
        "name": "(anonymous_5)",
        "decl": {
          "start": { "line": 26, "column": 2 },
          "end": { "line": 26, "column": 3 }
        },
        "loc": {
          "start": { "line": 26, "column": 22 },
          "end": { "line": 28, "column": 3 }
        },
        "line": 26
      }
    },
    "branchMap": {
      "0": {
        "loc": {
          "start": { "line": 3, "column": 11 },
          "end": { "line": 3, "column": 33 }
        },
        "type": "cond-expr",
        "locations": [
          {
            "start": { "line": 3, "column": 23 },
            "end": { "line": 3, "column": 28 }
          },
          {
            "start": { "line": 3, "column": 31 },
            "end": { "line": 3, "column": 33 }
          }
        ],
        "line": 3
      },
      "1": {
        "loc": {
          "start": { "line": 6, "column": 12 },
          "end": { "line": 11, "column": 8 }
        },
        "type": "default-arg",
        "locations": [
          {
            "start": { "line": 11, "column": 6 },
            "end": { "line": 11, "column": 8 }
          }
        ],
        "line": 6
      },
      "2": {
        "loc": {
          "start": { "line": 7, "column": 4 },
          "end": { "line": 7, "column": 19 }
        },
        "type": "default-arg",
        "locations": [
          {
            "start": { "line": 7, "column": 16 },
            "end": { "line": 7, "column": 19 }
          }
        ],
        "line": 7
      },
      "3": {
        "loc": {
          "start": { "line": 8, "column": 4 },
          "end": { "line": 8, "column": 15 }
        },
        "type": "default-arg",
        "locations": [
          {
            "start": { "line": 8, "column": 13 },
            "end": { "line": 8, "column": 15 }
          }
        ],
        "line": 8
      },
      "4": {
        "loc": {
          "start": { "line": 9, "column": 4 },
          "end": { "line": 9, "column": 15 }
        },
        "type": "default-arg",
        "locations": [
          {
            "start": { "line": 9, "column": 13 },
            "end": { "line": 9, "column": 15 }
          }
        ],
        "line": 9
      },
      "5": {
        "loc": {
          "start": { "line": 10, "column": 4 },
          "end": { "line": 10, "column": 12 }
        },
        "type": "default-arg",
        "locations": [
          {
            "start": { "line": 10, "column": 10 },
            "end": { "line": 10, "column": 12 }
          }
        ],
        "line": 10
      },
      "6": {
        "loc": {
          "start": { "line": 13, "column": 6 },
          "end": { "line": 13, "column": 23 }
        },
        "type": "binary-expr",
        "locations": [
          {
            "start": { "line": 13, "column": 6 },
            "end": { "line": 13, "column": 9 }
          },
          {
            "start": { "line": 13, "column": 13 },
            "end": { "line": 13, "column": 23 }
          }
        ],
        "line": 13
      },
      "7": {
        "loc": {
          "start": { "line": 14, "column": 6 },
          "end": { "line": 16, "column": 36 }
        },
        "type": "cond-expr",
        "locations": [
          {
            "start": { "line": 15, "column": 10 },
            "end": { "line": 15, "column": 70 }
          },
          {
            "start": { "line": 16, "column": 10 },
            "end": { "line": 16, "column": 36 }
          }
        ],
        "line": 14
      }
    },
    "s": { "0": 20, "1": 8, "2": 4, "3": 17, "4": 64, "5": 14 },
    "f": { "0": 20, "1": 8, "2": 4, "3": 17, "4": 64, "5": 14 },
    "b": {
      "0": [6, 14],
      "1": [1],
      "2": [8],
      "3": [7],
      "4": [7],
      "5": [1],
      "6": [8, 5],
      "7": [3, 5]
    },
    "_coverageSchema": "1a1c01bbd47fc00a2c39e90264f33305004495a9",
    "hash": "0a858d403bc4f93300a4d0cbd46df1dfc06b4b1d"
  }
}
