{"/Users/darcher/dev/apps/focus-follow/src/index.js": {"path":"/Users/darcher/dev/apps/focus-follow/src/index.js","statementMap":{"0":{"start":{"line":9,"column":0},"end":{"line":9,"column":16}},"1":{"start":{"line":11,"column":0},"end":{"line":11,"column":63}}},"fnMap":{},"branchMap":{},"s":{"0":1,"1":1},"f":{},"b":{},"_coverageSchema":"1a1c01bbd47fc00a2c39e90264f33305004495a9","hash":"faa617525875d6527e94b5caef06af9b94c1bc03"}
,"/Users/darcher/dev/apps/focus-follow/src/components/footer/index.js": {"path":"/Users/darcher/dev/apps/focus-follow/src/components/footer/index.js","statementMap":{"0":{"start":{"line":7,"column":4},"end":{"line":13,"column":15}}},"fnMap":{"0":{"name":"(anonymous_0)","decl":{"start":{"line":6,"column":2},"end":{"line":6,"column":3}},"loc":{"start":{"line":6,"column":55},"end":{"line":14,"column":3}},"line":6}},"branchMap":{"0":{"loc":{"start":{"line":6,"column":9},"end":{"line":6,"column":53}},"type":"default-arg","locations":[{"start":{"line":6,"column":51},"end":{"line":6,"column":53}}],"line":6},"1":{"loc":{"start":{"line":6,"column":11},"end":{"line":6,"column":24}},"type":"default-arg","locations":[{"start":{"line":6,"column":22},"end":{"line":6,"column":24}}],"line":6},"2":{"loc":{"start":{"line":6,"column":26},"end":{"line":6,"column":38}},"type":"default-arg","locations":[{"start":{"line":6,"column":36},"end":{"line":6,"column":38}}],"line":6}},"s":{"0":2},"f":{"0":2},"b":{"0":[1],"1":[1],"2":[1]},"_coverageSchema":"1a1c01bbd47fc00a2c39e90264f33305004495a9","hash":"aa76e8d25faf006eac16ffceef01a6e252a50989"}
,"/Users/darcher/dev/apps/focus-follow/src/components/form-button/index.js": {"path":"/Users/darcher/dev/apps/focus-follow/src/components/form-button/index.js","statementMap":{"0":{"start":{"line":8,"column":4},"end":{"line":17,"column":6}}},"fnMap":{"0":{"name":"(anonymous_0)","decl":{"start":{"line":7,"column":2},"end":{"line":7,"column":3}},"loc":{"start":{"line":7,"column":53},"end":{"line":18,"column":3}},"line":7}},"branchMap":{"0":{"loc":{"start":{"line":7,"column":9},"end":{"line":7,"column":51}},"type":"default-arg","locations":[{"start":{"line":7,"column":49},"end":{"line":7,"column":51}}],"line":7},"1":{"loc":{"start":{"line":7,"column":11},"end":{"line":7,"column":23}},"type":"default-arg","locations":[{"start":{"line":7,"column":21},"end":{"line":7,"column":23}}],"line":7}},"s":{"0":3},"f":{"0":3},"b":{"0":[2],"1":[2]},"_coverageSchema":"1a1c01bbd47fc00a2c39e90264f33305004495a9","hash":"5fc2e46c15eedddfc344880d2ba07d37f0eea68b"}
,"/Users/darcher/dev/apps/focus-follow/src/components/form-choice/index.js": {"path":"/Users/darcher/dev/apps/focus-follow/src/components/form-choice/index.js","statementMap":{"0":{"start":{"line":11,"column":17},"end":{"line":11,"column":66}},"1":{"start":{"line":13,"column":4},"end":{"line":31,"column":6}}},"fnMap":{"0":{"name":"(anonymous_0)","decl":{"start":{"line":10,"column":2},"end":{"line":10,"column":3}},"loc":{"start":{"line":10,"column":57},"end":{"line":32,"column":3}},"line":10}},"branchMap":{"0":{"loc":{"start":{"line":10,"column":9},"end":{"line":10,"column":55}},"type":"default-arg","locations":[{"start":{"line":10,"column":53},"end":{"line":10,"column":55}}],"line":10},"1":{"loc":{"start":{"line":10,"column":11},"end":{"line":10,"column":23}},"type":"default-arg","locations":[{"start":{"line":10,"column":21},"end":{"line":10,"column":23}}],"line":10},"2":{"loc":{"start":{"line":14,"column":15},"end":{"line":14,"column":26}},"type":"binary-expr","locations":[{"start":{"line":14,"column":15},"end":{"line":14,"column":17}},{"start":{"line":14,"column":21},"end":{"line":14,"column":26}}],"line":14}},"s":{"0":2,"1":2},"f":{"0":2},"b":{"0":[1],"1":[1],"2":[2,1]},"_coverageSchema":"1a1c01bbd47fc00a2c39e90264f33305004495a9","hash":"4d1a5418fdf6cd26599f19b0ce9cfef35ab5481a"}
,"/Users/darcher/dev/apps/focus-follow/src/components/form-group/index.js": {"path":"/Users/darcher/dev/apps/focus-follow/src/components/form-group/index.js","statementMap":{"0":{"start":{"line":6,"column":4},"end":{"line":16,"column":6}}},"fnMap":{"0":{"name":"(anonymous_0)","decl":{"start":{"line":5,"column":2},"end":{"line":5,"column":3}},"loc":{"start":{"line":5,"column":68},"end":{"line":17,"column":3}},"line":5}},"branchMap":{"0":{"loc":{"start":{"line":5,"column":9},"end":{"line":5,"column":66}},"type":"default-arg","locations":[{"start":{"line":5,"column":64},"end":{"line":5,"column":66}}],"line":5},"1":{"loc":{"start":{"line":5,"column":11},"end":{"line":5,"column":23}},"type":"default-arg","locations":[{"start":{"line":5,"column":21},"end":{"line":5,"column":23}}],"line":5},"2":{"loc":{"start":{"line":5,"column":25},"end":{"line":5,"column":38}},"type":"default-arg","locations":[{"start":{"line":5,"column":36},"end":{"line":5,"column":38}}],"line":5}},"s":{"0":2},"f":{"0":2},"b":{"0":[1],"1":[1],"2":[1]},"_coverageSchema":"1a1c01bbd47fc00a2c39e90264f33305004495a9","hash":"4d574ad3c35bee6b40255c643a123b2865d5e788"}
,"/Users/darcher/dev/apps/focus-follow/src/components/form-input/index.js": {"path":"/Users/darcher/dev/apps/focus-follow/src/components/form-input/index.js","statementMap":{"0":{"start":{"line":6,"column":4},"end":{"line":19,"column":6}}},"fnMap":{"0":{"name":"(anonymous_0)","decl":{"start":{"line":5,"column":2},"end":{"line":5,"column":3}},"loc":{"start":{"line":5,"column":66},"end":{"line":20,"column":3}},"line":5}},"branchMap":{"0":{"loc":{"start":{"line":5,"column":9},"end":{"line":5,"column":64}},"type":"default-arg","locations":[{"start":{"line":5,"column":62},"end":{"line":5,"column":64}}],"line":5},"1":{"loc":{"start":{"line":5,"column":11},"end":{"line":5,"column":23}},"type":"default-arg","locations":[{"start":{"line":5,"column":21},"end":{"line":5,"column":23}}],"line":5},"2":{"loc":{"start":{"line":5,"column":36},"end":{"line":5,"column":49}},"type":"default-arg","locations":[{"start":{"line":5,"column":43},"end":{"line":5,"column":49}}],"line":5}},"s":{"0":2},"f":{"0":2},"b":{"0":[1],"1":[1],"2":[2]},"_coverageSchema":"1a1c01bbd47fc00a2c39e90264f33305004495a9","hash":"83c840f53e0e96023cb26079ea0a82064260044d"}
,"/Users/darcher/dev/apps/focus-follow/src/components/header/index.js": {"path":"/Users/darcher/dev/apps/focus-follow/src/components/header/index.js","statementMap":{"0":{"start":{"line":12,"column":4},"end":{"line":21,"column":6}}},"fnMap":{"0":{"name":"(anonymous_0)","decl":{"start":{"line":5,"column":2},"end":{"line":5,"column":3}},"loc":{"start":{"line":11,"column":10},"end":{"line":22,"column":3}},"line":11}},"branchMap":{"0":{"loc":{"start":{"line":5,"column":9},"end":{"line":11,"column":8}},"type":"default-arg","locations":[{"start":{"line":11,"column":6},"end":{"line":11,"column":8}}],"line":5},"1":{"loc":{"start":{"line":6,"column":4},"end":{"line":6,"column":17}},"type":"default-arg","locations":[{"start":{"line":6,"column":15},"end":{"line":6,"column":17}}],"line":6},"2":{"loc":{"start":{"line":7,"column":4},"end":{"line":7,"column":16}},"type":"default-arg","locations":[{"start":{"line":7,"column":14},"end":{"line":7,"column":16}}],"line":7},"3":{"loc":{"start":{"line":9,"column":4},"end":{"line":9,"column":13}},"type":"default-arg","locations":[{"start":{"line":9,"column":12},"end":{"line":9,"column":13}}],"line":9}},"s":{"0":2},"f":{"0":2},"b":{"0":[1],"1":[1],"2":[1],"3":[2]},"_coverageSchema":"1a1c01bbd47fc00a2c39e90264f33305004495a9","hash":"84102c6b039c7cf60ffd698338ffdd991a69c07a"}
,"/Users/darcher/dev/apps/focus-follow/src/components/icon/index.js": {"path":"/Users/darcher/dev/apps/focus-follow/src/components/icon/index.js","statementMap":{"0":{"start":{"line":6,"column":4},"end":{"line":17,"column":6}}},"fnMap":{"0":{"name":"(anonymous_0)","decl":{"start":{"line":5,"column":2},"end":{"line":5,"column":3}},"loc":{"start":{"line":5,"column":45},"end":{"line":18,"column":3}},"line":5}},"branchMap":{"0":{"loc":{"start":{"line":5,"column":9},"end":{"line":5,"column":43}},"type":"default-arg","locations":[{"start":{"line":5,"column":41},"end":{"line":5,"column":43}}],"line":5},"1":{"loc":{"start":{"line":5,"column":16},"end":{"line":5,"column":28}},"type":"default-arg","locations":[{"start":{"line":5,"column":26},"end":{"line":5,"column":28}}],"line":5}},"s":{"0":2},"f":{"0":2},"b":{"0":[1],"1":[1]},"_coverageSchema":"1a1c01bbd47fc00a2c39e90264f33305004495a9","hash":"e620d9bf569e49f1a956f2fc6a33bbbdd43c073f"}
,"/Users/darcher/dev/apps/focus-follow/src/services/helper.service.js": {"path":"/Users/darcher/dev/apps/focus-follow/src/services/helper.service.js","statementMap":{"0":{"start":{"line":5,"column":4},"end":{"line":8,"column":17}},"1":{"start":{"line":6,"column":30},"end":{"line":6,"column":70}},"2":{"start":{"line":12,"column":4},"end":{"line":14,"column":14}},"3":{"start":{"line":18,"column":4},"end":{"line":20,"column":14}},"4":{"start":{"line":24,"column":4},"end":{"line":33,"column":6}},"5":{"start":{"line":25,"column":30},"end":{"line":31,"column":7}},"6":{"start":{"line":35,"column":4},"end":{"line":35,"column":30}},"7":{"start":{"line":39,"column":4},"end":{"line":39,"column":42}},"8":{"start":{"line":43,"column":4},"end":{"line":43,"column":47}},"9":{"start":{"line":47,"column":4},"end":{"line":47,"column":61}},"10":{"start":{"line":47,"column":47},"end":{"line":47,"column":59}},"11":{"start":{"line":51,"column":4},"end":{"line":69,"column":11}},"12":{"start":{"line":66,"column":25},"end":{"line":66,"column":48}},"13":{"start":{"line":67,"column":6},"end":{"line":67,"column":32}},"14":{"start":{"line":68,"column":6},"end":{"line":68,"column":47}}},"fnMap":{"0":{"name":"(anonymous_0)","decl":{"start":{"line":4,"column":2},"end":{"line":4,"column":3}},"loc":{"start":{"line":4,"column":21},"end":{"line":9,"column":3}},"line":4},"1":{"name":"(anonymous_1)","decl":{"start":{"line":6,"column":11},"end":{"line":6,"column":12}},"loc":{"start":{"line":6,"column":30},"end":{"line":6,"column":70}},"line":6},"2":{"name":"(anonymous_2)","decl":{"start":{"line":11,"column":2},"end":{"line":11,"column":3}},"loc":{"start":{"line":11,"column":20},"end":{"line":15,"column":3}},"line":11},"3":{"name":"(anonymous_3)","decl":{"start":{"line":17,"column":2},"end":{"line":17,"column":3}},"loc":{"start":{"line":17,"column":29},"end":{"line":21,"column":3}},"line":17},"4":{"name":"(anonymous_4)","decl":{"start":{"line":23,"column":2},"end":{"line":23,"column":3}},"loc":{"start":{"line":23,"column":19},"end":{"line":36,"column":3}},"line":23},"5":{"name":"(anonymous_5)","decl":{"start":{"line":25,"column":6},"end":{"line":25,"column":7}},"loc":{"start":{"line":25,"column":30},"end":{"line":31,"column":7}},"line":25},"6":{"name":"(anonymous_6)","decl":{"start":{"line":38,"column":2},"end":{"line":38,"column":3}},"loc":{"start":{"line":38,"column":11},"end":{"line":40,"column":3}},"line":38},"7":{"name":"(anonymous_7)","decl":{"start":{"line":42,"column":2},"end":{"line":42,"column":3}},"loc":{"start":{"line":42,"column":40},"end":{"line":44,"column":3}},"line":42},"8":{"name":"(anonymous_8)","decl":{"start":{"line":46,"column":2},"end":{"line":46,"column":3}},"loc":{"start":{"line":46,"column":22},"end":{"line":48,"column":3}},"line":46},"9":{"name":"(anonymous_9)","decl":{"start":{"line":47,"column":38},"end":{"line":47,"column":39}},"loc":{"start":{"line":47,"column":47},"end":{"line":47,"column":59}},"line":47},"10":{"name":"(anonymous_10)","decl":{"start":{"line":50,"column":2},"end":{"line":50,"column":3}},"loc":{"start":{"line":50,"column":44},"end":{"line":70,"column":3}},"line":50},"11":{"name":"(anonymous_11)","decl":{"start":{"line":65,"column":14},"end":{"line":65,"column":15}},"loc":{"start":{"line":65,"column":37},"end":{"line":69,"column":5}},"line":65}},"branchMap":{"0":{"loc":{"start":{"line":4,"column":9},"end":{"line":4,"column":19}},"type":"default-arg","locations":[{"start":{"line":4,"column":17},"end":{"line":4,"column":19}}],"line":4},"1":{"loc":{"start":{"line":6,"column":30},"end":{"line":6,"column":70}},"type":"cond-expr","locations":[{"start":{"line":6,"column":46},"end":{"line":6,"column":65}},{"start":{"line":6,"column":68},"end":{"line":6,"column":70}}],"line":6},"2":{"loc":{"start":{"line":11,"column":9},"end":{"line":11,"column":18}},"type":"default-arg","locations":[{"start":{"line":11,"column":16},"end":{"line":11,"column":18}}],"line":11},"3":{"loc":{"start":{"line":12,"column":23},"end":{"line":12,"column":58}},"type":"cond-expr","locations":[{"start":{"line":12,"column":45},"end":{"line":12,"column":49}},{"start":{"line":12,"column":52},"end":{"line":12,"column":58}}],"line":12},"4":{"loc":{"start":{"line":17,"column":9},"end":{"line":17,"column":20}},"type":"default-arg","locations":[{"start":{"line":17,"column":18},"end":{"line":17,"column":20}}],"line":17},"5":{"loc":{"start":{"line":18,"column":11},"end":{"line":20,"column":13}},"type":"cond-expr","locations":[{"start":{"line":19,"column":8},"end":{"line":19,"column":33}},{"start":{"line":20,"column":8},"end":{"line":20,"column":13}}],"line":18},"6":{"loc":{"start":{"line":18,"column":11},"end":{"line":18,"column":50}},"type":"binary-expr","locations":[{"start":{"line":18,"column":11},"end":{"line":18,"column":24}},{"start":{"line":18,"column":28},"end":{"line":18,"column":50}}],"line":18},"7":{"loc":{"start":{"line":23,"column":9},"end":{"line":23,"column":17}},"type":"default-arg","locations":[{"start":{"line":23,"column":15},"end":{"line":23,"column":17}}],"line":23},"8":{"loc":{"start":{"line":28,"column":10},"end":{"line":30,"column":19}},"type":"cond-expr","locations":[{"start":{"line":29,"column":14},"end":{"line":29,"column":32}},{"start":{"line":30,"column":14},"end":{"line":30,"column":19}}],"line":28},"9":{"loc":{"start":{"line":28,"column":10},"end":{"line":28,"column":51}},"type":"binary-expr","locations":[{"start":{"line":28,"column":10},"end":{"line":28,"column":23}},{"start":{"line":28,"column":27},"end":{"line":28,"column":51}}],"line":28},"10":{"loc":{"start":{"line":42,"column":9},"end":{"line":42,"column":26}},"type":"default-arg","locations":[{"start":{"line":42,"column":21},"end":{"line":42,"column":26}}],"line":42},"11":{"loc":{"start":{"line":42,"column":28},"end":{"line":42,"column":38}},"type":"default-arg","locations":[{"start":{"line":42,"column":36},"end":{"line":42,"column":38}}],"line":42},"12":{"loc":{"start":{"line":43,"column":11},"end":{"line":43,"column":46}},"type":"cond-expr","locations":[{"start":{"line":43,"column":23},"end":{"line":43,"column":41}},{"start":{"line":43,"column":44},"end":{"line":43,"column":46}}],"line":43},"13":{"loc":{"start":{"line":46,"column":11},"end":{"line":46,"column":20}},"type":"default-arg","locations":[{"start":{"line":46,"column":18},"end":{"line":46,"column":20}}],"line":46},"14":{"loc":{"start":{"line":50,"column":12},"end":{"line":50,"column":42}},"type":"default-arg","locations":[{"start":{"line":50,"column":18},"end":{"line":50,"column":42}}],"line":50}},"s":{"0":21,"1":38,"2":35,"3":6,"4":4,"5":4,"6":4,"7":1,"8":37,"9":24,"10":55,"11":3,"12":39,"13":39,"14":39},"f":{"0":21,"1":38,"2":35,"3":6,"4":4,"5":4,"6":1,"7":37,"8":24,"9":55,"10":3,"11":39},"b":{"0":[1],"1":[35,3],"2":[1],"3":[21,14],"4":[1],"5":[1,5],"6":[6,3],"7":[1],"8":[2,2],"9":[4,4],"10":[1],"11":[9],"12":[16,21],"13":[1],"14":[3]},"_coverageSchema":"1a1c01bbd47fc00a2c39e90264f33305004495a9","hash":"87c7f119e804ad18214d5c3908dcb0640c4b6b88"}
}
