TN:
SF:src/index.js
FNF:0
FNH:0
LF:0
LH:0
BRF:0
BRH:0
end_of_record
TN:
SF:src/module/button/index.js
FN:5,(anonymous_0)
FNF:1
FNH:1
FNDA:4,(anonymous_0)
DA:4,1
DA:13,4
LF:2
LH:2
BRDA:5,0,0,1
BRDA:6,1,0,4
BRDA:7,2,0,4
BRDA:8,3,0,1
BRDA:9,4,0,4
BRDA:10,5,0,4
BRDA:13,6,0,1
BRDA:13,6,1,3
BRDA:13,7,0,4
BRDA:13,7,1,1
BRF:10
BRH:10
end_of_record
TN:
SF:src/module/icon/index.js
FN:4,(anonymous_0)
FNF:1
FNH:1
FNDA:6,(anonymous_0)
DA:3,2
DA:11,6
LF:2
LH:2
BRDA:4,0,0,1
BRDA:5,1,0,5
BRDA:6,2,0,6
BRDA:7,3,0,2
BRDA:8,4,0,6
BRDA:11,5,0,2
BRDA:11,5,1,4
BRDA:11,6,0,6
BRDA:11,6,1,2
BRF:9
BRH:9
end_of_record
TN:
SF:src/script/helper/index.js
FN:2,(anonymous_0)
FN:10,(anonymous_1)
FNF:2
FNH:2
FNDA:11,(anonymous_0)
FNDA:4,(anonymous_1)
DA:8,11
DA:10,4
LF:2
LH:2
BRDA:2,0,0,1
BRDA:3,1,0,11
BRDA:4,2,0,7
BRDA:5,3,0,10
BRDA:6,4,0,1
BRDA:8,5,0,7
BRDA:8,5,1,4
BRDA:8,6,0,11
BRDA:8,6,1,8
BRDA:9,7,0,2
BRDA:9,7,1,5
BRF:11
BRH:11
end_of_record
