TN:
SF:src/index.js
FNF:0
FNH:0
DA:9,1
DA:11,1
LF:2
LH:2
BRF:0
BRH:0
end_of_record
TN:
SF:src/components/footer/index.js
FN:6,(anonymous_0)
FNF:1
FNH:1
FNDA:2,(anonymous_0)
DA:7,2
LF:1
LH:1
BRDA:6,0,0,1
BRDA:6,1,0,1
BRDA:6,2,0,1
BRF:3
BRH:3
end_of_record
TN:
SF:src/components/form-button/index.js
FN:7,(anonymous_0)
FNF:1
FNH:1
FNDA:3,(anonymous_0)
DA:8,3
LF:1
LH:1
BRDA:7,0,0,2
BRDA:7,1,0,2
BRF:2
BRH:2
end_of_record
TN:
SF:src/components/form-choice/index.js
FN:10,(anonymous_0)
FNF:1
FNH:1
FNDA:2,(anonymous_0)
DA:11,2
DA:13,2
LF:2
LH:2
BRDA:10,0,0,1
BRDA:10,1,0,1
BRDA:14,2,0,2
BRDA:14,2,1,1
BRF:4
BRH:4
end_of_record
TN:
SF:src/components/form-group/index.js
FN:5,(anonymous_0)
FNF:1
FNH:1
FNDA:2,(anonymous_0)
DA:6,2
LF:1
LH:1
BRDA:5,0,0,1
BRDA:5,1,0,1
BRDA:5,2,0,1
BRF:3
BRH:3
end_of_record
TN:
SF:src/components/form-input/index.js
FN:5,(anonymous_0)
FNF:1
FNH:1
FNDA:2,(anonymous_0)
DA:6,2
LF:1
LH:1
BRDA:5,0,0,1
BRDA:5,1,0,1
BRDA:5,2,0,2
BRF:3
BRH:3
end_of_record
TN:
SF:src/components/header/index.js
FN:5,(anonymous_0)
FNF:1
FNH:1
FNDA:2,(anonymous_0)
DA:12,2
LF:1
LH:1
BRDA:5,0,0,1
BRDA:6,1,0,1
BRDA:7,2,0,1
BRDA:9,3,0,2
BRF:4
BRH:4
end_of_record
TN:
SF:src/components/icon/index.js
FN:5,(anonymous_0)
FNF:1
FNH:1
FNDA:2,(anonymous_0)
DA:6,2
LF:1
LH:1
BRDA:5,0,0,1
BRDA:5,1,0,1
BRF:2
BRH:2
end_of_record
TN:
SF:src/services/helper.service.js
FN:4,(anonymous_0)
FN:6,(anonymous_1)
FN:11,(anonymous_2)
FN:17,(anonymous_3)
FN:23,(anonymous_4)
FN:25,(anonymous_5)
FN:38,(anonymous_6)
FN:42,(anonymous_7)
FN:46,(anonymous_8)
FN:47,(anonymous_9)
FN:50,(anonymous_10)
FN:65,(anonymous_11)
FNF:12
FNH:12
FNDA:21,(anonymous_0)
FNDA:38,(anonymous_1)
FNDA:35,(anonymous_2)
FNDA:6,(anonymous_3)
FNDA:4,(anonymous_4)
FNDA:4,(anonymous_5)
FNDA:1,(anonymous_6)
FNDA:37,(anonymous_7)
FNDA:24,(anonymous_8)
FNDA:55,(anonymous_9)
FNDA:3,(anonymous_10)
FNDA:39,(anonymous_11)
DA:5,21
DA:6,38
DA:12,35
DA:18,6
DA:24,4
DA:25,4
DA:35,4
DA:39,1
DA:43,37
DA:47,55
DA:51,3
DA:66,39
DA:67,39
DA:68,39
LF:14
LH:14
BRDA:4,0,0,1
BRDA:6,1,0,35
BRDA:6,1,1,3
BRDA:11,2,0,1
BRDA:12,3,0,21
BRDA:12,3,1,14
BRDA:17,4,0,1
BRDA:18,5,0,1
BRDA:18,5,1,5
BRDA:18,6,0,6
BRDA:18,6,1,3
BRDA:23,7,0,1
BRDA:28,8,0,2
BRDA:28,8,1,2
BRDA:28,9,0,4
BRDA:28,9,1,4
BRDA:42,10,0,1
BRDA:42,11,0,9
BRDA:43,12,0,16
BRDA:43,12,1,21
BRDA:46,13,0,1
BRDA:50,14,0,3
BRF:22
BRH:22
end_of_record
